<?xml version="1.0" encoding="UTF-8"?>
<coverage generated="1777917721151" clover="3.2.0">
  <project timestamp="1777917721151" name="All files">
    <metrics statements="38" coveredstatements="38" conditionals="6" coveredconditionals="6" methods="3" coveredmethods="3" elements="47" coveredelements="47" complexity="0" loc="38" ncloc="38" packages="2" files="2" classes="2"/>
    <package name="generate-release-name-action">
      <metrics statements="18" coveredstatements="18" conditionals="2" coveredconditionals="2" methods="1" coveredmethods="1"/>
      <file name="index.js" path="/home/runner/work/generate-release-name-action/generate-release-name-action/index.js">
        <metrics statements="18" coveredstatements="18" conditionals="2" coveredconditionals="2" methods="1" coveredmethods="1"/>
        <line num="1" count="1" type="stmt"/>
        <line num="2" count="1" type="stmt"/>
        <line num="6" count="13" type="stmt"/>
        <line num="7" count="13" type="stmt"/>
        <line num="8" count="13" type="stmt"/>
        <line num="9" count="13" type="stmt"/>
        <line num="10" count="13" type="stmt"/>
        <line num="13" count="13" type="stmt"/>
        <line num="14" count="13" type="cond" truecount="2" falsecount="0"/>
        <line num="15" count="13" type="stmt"/>
        <line num="16" count="13" type="stmt"/>
        <line num="18" count="13" type="stmt"/>
        <line num="20" count="13" type="stmt"/>
        <line num="27" count="12" type="stmt"/>
        <line num="28" count="12" type="stmt"/>
        <line num="33" count="1" type="stmt"/>
        <line num="37" count="1" type="stmt"/>
        <line num="39" count="1" type="stmt"/>
      </file>
    </package>
    <package name="generate-release-name-action.lib">
      <metrics statements="20" coveredstatements="20" conditionals="4" coveredconditionals="4" methods="2" coveredmethods="2"/>
      <file name="generateReleaseName.js" path="/home/runner/work/generate-release-name-action/generate-release-name-action/lib/generateReleaseName.js">
        <metrics statements="20" coveredstatements="20" conditionals="4" coveredconditionals="4" methods="2" coveredmethods="2"/>
        <line num="1" count="2" type="stmt"/>
        <line num="864" count="2" type="stmt"/>
        <line num="6933" count="19" type="stmt"/>
        <line num="6935" count="19" type="stmt"/>
        <line num="6938" count="19" type="stmt"/>
        <line num="6939" count="27" type="stmt"/>
        <line num="6940" count="27" type="stmt"/>
        <line num="6944" count="19" type="stmt"/>
        <line num="6945" count="19" type="stmt"/>
        <line num="6948" count="19" type="stmt"/>
        <line num="6951" count="19" type="cond" truecount="2" falsecount="0"/>
        <line num="6952" count="9" type="stmt"/>
        <line num="6953" count="9" type="stmt"/>
        <line num="6954" count="9" type="stmt"/>
        <line num="6958" count="19" type="cond" truecount="2" falsecount="0"/>
        <line num="6959" count="3" type="stmt"/>
        <line num="6960" count="3" type="stmt"/>
        <line num="6962" count="8" type="stmt"/>
        <line num="6966" count="19" type="stmt"/>
        <line num="6969" count="2" type="stmt"/>
      </file>
    </package>
  </project>
</coverage>
