{"/home/runner/work/generate-release-name-action/generate-release-name-action/index.js": {"path":"/home/runner/work/generate-release-name-action/generate-release-name-action/index.js","statementMap":{"0":{"start":{"line":1,"column":13},"end":{"line":1,"column":37}},"1":{"start":{"line":2,"column":18},"end":{"line":2,"column":54}},"2":{"start":{"line":6,"column":22},"end":{"line":6,"column":48}},"3":{"start":{"line":7,"column":22},"end":{"line":7,"column":45}},"4":{"start":{"line":8,"column":24},"end":{"line":8,"column":49}},"5":{"start":{"line":9,"column":26},"end":{"line":9,"column":53}},"6":{"start":{"line":10,"column":4},"end":{"line":10,"column":102}},"7":{"start":{"line":13,"column":2},"end":{"line":34,"column":3}},"8":{"start":{"line":14,"column":19},"end":{"line":14,"column":71}},"9":{"start":{"line":15,"column":21},"end":{"line":15,"column":58}},"10":{"start":{"line":16,"column":23},"end":{"line":16,"column":62}},"11":{"start":{"line":18,"column":4},"end":{"line":18,"column":86}},"12":{"start":{"line":20,"column":22},"end":{"line":25,"column":5}},"13":{"start":{"line":27,"column":4},"end":{"line":27,"column":48}},"14":{"start":{"line":28,"column":4},"end":{"line":28,"column":52}},"15":{"start":{"line":33,"column":6},"end":{"line":33,"column":36}},"16":{"start":{"line":37,"column":0},"end":{"line":37,"column":6}},"17":{"start":{"line":39,"column":0},"end":{"line":39,"column":18}}},"fnMap":{"0":{"name":"run","decl":{"start":{"line":4,"column":15},"end":{"line":4,"column":18}},"loc":{"start":{"line":4,"column":21},"end":{"line":35,"column":1}},"line":4}},"branchMap":{"0":{"loc":{"start":{"line":14,"column":19},"end":{"line":14,"column":71}},"type":"cond-expr","locations":[{"start":{"line":14,"column":48},"end":{"line":14,"column":49}},{"start":{"line":14,"column":52},"end":{"line":14,"column":71}}],"line":14}},"s":{"0":1,"1":1,"2":13,"3":13,"4":13,"5":13,"6":13,"7":13,"8":13,"9":13,"10":13,"11":13,"12":13,"13":12,"14":12,"15":1,"16":1,"17":1},"f":{"0":13},"b":{"0":[3,10]},"_coverageSchema":"1a1c01bbd47fc00a2c39e90264f33305004495a9","hash":"65f5b14f0e60de4e6bc8e920bf5d6b7639a5aab1"}
,"/home/runner/work/generate-release-name-action/generate-release-name-action/lib/generateReleaseName.js": {"path":"/home/runner/work/generate-release-name-action/generate-release-name-action/lib/generateReleaseName.js","statementMap":{"0":{"start":{"line":1,"column":12},"end":{"line":863,"column":12}},"1":{"start":{"line":864,"column":16},"end":{"line":6929,"column":1}},"2":{"start":{"line":6933,"column":14},"end":{"line":6933,"column":16}},"3":{"start":{"line":6935,"column":2},"end":{"line":6935,"column":89}},"4":{"start":{"line":6938,"column":2},"end":{"line":6941,"column":3}},"5":{"start":{"line":6938,"column":15},"end":{"line":6938,"column":16}},"6":{"start":{"line":6939,"column":24},"end":{"line":6939,"column":64}},"7":{"start":{"line":6940,"column":4},"end":{"line":6940,"column":49}},"8":{"start":{"line":6944,"column":26},"end":{"line":6944,"column":70}},"9":{"start":{"line":6945,"column":2},"end":{"line":6945,"column":55}},"10":{"start":{"line":6948,"column":20},"end":{"line":6948,"column":41}},"11":{"start":{"line":6951,"column":2},"end":{"line":6955,"column":3}},"12":{"start":{"line":6952,"column":4},"end":{"line":6952,"column":38}},"13":{"start":{"line":6953,"column":18},"end":{"line":6953,"column":57}},"14":{"start":{"line":6954,"column":4},"end":{"line":6954,"column":42}},"15":{"start":{"line":6958,"column":2},"end":{"line":6964,"column":3}},"16":{"start":{"line":6959,"column":4},"end":{"line":6959,"column":42}},"17":{"start":{"line":6960,"column":4},"end":{"line":6963,"column":23}},"18":{"start":{"line":6962,"column":19},"end":{"line":6962,"column":63}},"19":{"start":{"line":6966,"column":2},"end":{"line":6966,"column":21}},"20":{"start":{"line":6969,"column":0},"end":{"line":6969,"column":37}}},"fnMap":{"0":{"name":"generateReleaseName","decl":{"start":{"line":6932,"column":9},"end":{"line":6932,"column":28}},"loc":{"start":{"line":6932,"column":70},"end":{"line":6967,"column":1}},"line":6932},"1":{"name":"(anonymous_1)","decl":{"start":{"line":6962,"column":11},"end":{"line":6962,"column":12}},"loc":{"start":{"line":6962,"column":19},"end":{"line":6962,"column":63}},"line":6962}},"branchMap":{"0":{"loc":{"start":{"line":6951,"column":2},"end":{"line":6955,"column":3}},"type":"if","locations":[{"start":{"line":6951,"column":2},"end":{"line":6955,"column":3}},{"start":{},"end":{}}],"line":6951},"1":{"loc":{"start":{"line":6958,"column":2},"end":{"line":6964,"column":3}},"type":"if","locations":[{"start":{"line":6958,"column":2},"end":{"line":6964,"column":3}},{"start":{},"end":{}}],"line":6958}},"s":{"0":2,"1":2,"2":19,"3":19,"4":19,"5":19,"6":27,"7":27,"8":19,"9":19,"10":19,"11":19,"12":9,"13":9,"14":9,"15":19,"16":3,"17":3,"18":8,"19":19,"20":2},"f":{"0":19,"1":8},"b":{"0":[9,10],"1":[3,16]},"_coverageSchema":"1a1c01bbd47fc00a2c39e90264f33305004495a9","hash":"35b82378736edf9d392d8e08ec6d68e421552b12"}
}
