TN:
SF:index.js
FN:4,run
FNF:1
FNH:1
FNDA:13,run
DA:1,1
DA:2,1
DA:6,13
DA:7,13
DA:8,13
DA:9,13
DA:10,13
DA:13,13
DA:14,13
DA:15,13
DA:16,13
DA:18,13
DA:20,13
DA:27,12
DA:28,12
DA:33,1
DA:37,1
DA:39,1
LF:18
LH:18
BRDA:14,0,0,3
BRDA:14,0,1,10
BRF:2
BRH:2
end_of_record
TN:
SF:lib/generateReleaseName.js
FN:6932,generateReleaseName
FN:6962,(anonymous_1)
FNF:2
FNH:2
FNDA:19,generateReleaseName
FNDA:8,(anonymous_1)
DA:1,2
DA:864,2
DA:6933,19
DA:6935,19
DA:6938,19
DA:6939,27
DA:6940,27
DA:6944,19
DA:6945,19
DA:6948,19
DA:6951,19
DA:6952,9
DA:6953,9
DA:6954,9
DA:6958,19
DA:6959,3
DA:6960,3
DA:6962,8
DA:6966,19
DA:6969,2
LF:20
LH:20
BRDA:6951,0,0,9
BRDA:6951,0,1,10
BRDA:6958,1,0,3
BRDA:6958,1,1,16
BRF:4
BRH:4
end_of_record
